28-07-2023 07:28:17 am tools.pittsburghprecision.local/app/page/customer/
28-07-2023 07:31:28 am tools.pittsburghprecision.local/app/page/customer/
28-07-2023 07:33:10 am tools.pittsburghprecision.local/app/page/customer/?request=fetch
28-07-2023 07:33:30 am tools.pittsburghprecision.local/app/page/customer/?request=fetch
28-07-2023 07:34:07 am tools.pittsburghprecision.local/app/page/customer/?request=fetch
28-07-2023 07:34:37 am tools.pittsburghprecision.local/app/page/customer/
28-07-2023 07:35:19 am tools.pittsburghprecision.local/app/page/customer/
28-07-2023 07:35:22 am tools.pittsburghprecision.local/app/page/customer/?request=fetch
28-07-2023 07:36:53 am tools.pittsburghprecision.local/app/page/customer/?request=fetch
29-07-2023 04:23:47 pm tools.pittsburghprecision.local/app/page/quote/?request=fetch
29-07-2023 04:33:52 pm tools.pittsburghprecision.local/app/page/quote/?request=fetch
29-07-2023 04:34:11 pm tools.pittsburghprecision.local/app/page/quote/
29-07-2023 04:34:29 pm tools.pittsburghprecision.local/app/page/quote/
29-07-2023 04:35:20 pm tools.pittsburghprecision.local/app/page/quote/
29-07-2023 04:35:25 pm tools.pittsburghprecision.local/app/page/quote/?request=fetch
29-07-2023 04:35:42 pm tools.pittsburghprecision.local/app/page/quote/?request=fetch
29-07-2023 04:35:49 pm tools.pittsburghprecision.local/app/page/quote/?request=fetch
29-07-2023 04:36:58 pm tools.pittsburghprecision.local/app/page/quote/?request=fetch
29-07-2023 04:37:45 pm tools.pittsburghprecision.local/app/page/quote/?request=fetch
29-07-2023 04:39:15 pm tools.pittsburghprecision.local/app/page/quote/?request=fetch
29-07-2023 04:39:41 pm tools.pittsburghprecision.local/app/page/customer/?request=fetch
29-07-2023 04:39:43 pm tools.pittsburghprecision.local/app/page/quote/?request=fetch
29-07-2023 04:43:58 pm tools.pittsburghprecision.local/app/page/quote/?request=fetch
29-07-2023 04:44:33 pm tools.pittsburghprecision.local/app/page/quote/?request=fetch
29-07-2023 04:46:59 pm tools.pittsburghprecision.local/app/page/quote/?request=fetch
29-07-2023 04:49:19 pm tools.pittsburghprecision.local/app/page/quote/?request=fetch
29-07-2023 04:50:36 pm tools.pittsburghprecision.local/app/page/customer/?request=fetch
29-07-2023 04:50:39 pm tools.pittsburghprecision.local/app/page/quote/?request=fetch
01-08-2023 09:04:02 am tools.pittsburghprecision.local/app/page/customer/
01-08-2023 09:04:04 am tools.pittsburghprecision.local/app/page/customer/?request=fetch
01-08-2023 09:04:07 am tools.pittsburghprecision.local/app/page/quote/?request=fetch
